<?xml version="1.0" encoding="UTF-8"?>
<!-- Generated by org.testng.reporters.JUnitReportReporter -->
<testsuite hostname="DESKTOP-FQ8B5OB" failures="0" tests="2" name="testrunner.SmartSenseRunner" time="191.826" errors="0" timestamp="2024-09-11T14:39:11 IST" skipped="0">
  <testcase classname="testrunner.SmartSenseRunner" name="runScenario" time="183.061"/>
  <testcase classname="testrunner.SmartSenseRunner" name="runScenario" time="8.765"/>
</testsuite> <!-- testrunner.SmartSenseRunner -->
