<?xml version="1.0" encoding="UTF-8"?>
<!-- Generated by org.testng.reporters.JUnitReportReporter -->
<testsuite hostname="DESKTOP-FQ8B5OB" failures="0" tests="2" name="testrunner.SmartSenseRunner" time="82.546" errors="0" timestamp="2024-07-30T21:37:57 IST" skipped="0">
  <testcase classname="testrunner.SmartSenseRunner" name="runScenario" time="72.199"/>
  <testcase classname="testrunner.SmartSenseRunner" name="runScenario" time="10.347"/>
</testsuite> <!-- testrunner.SmartSenseRunner -->
