<?xml version="1.0" encoding="UTF-8"?>
<!-- Generated by org.testng.reporters.JUnitReportReporter -->
<testsuite hostname="DESKTOP-FQ8B5OB" failures="0" tests="2" name="testrunner.SmartSenseRunner" time="0.512" errors="0" timestamp="2024-08-21T12:57:57 IST" skipped="0">
  <testcase classname="testrunner.SmartSenseRunner" name="runScenario" time="0.113"/>
  <testcase classname="testrunner.SmartSenseRunner" name="runScenario" time="0.399"/>
</testsuite> <!-- testrunner.SmartSenseRunner -->
