<?xml version="1.0" encoding="UTF-8"?>
<!-- Generated by org.testng.reporters.JUnitReportReporter -->
<testsuite hostname="DESKTOP-FQ8B5OB" failures="0" tests="2" name="testrunner.SmartSenseRunner" time="131.088" errors="0" timestamp="2024-09-02T16:32:52 IST" skipped="0">
  <testcase classname="testrunner.SmartSenseRunner" name="runScenario" time="10.210"/>
  <testcase classname="testrunner.SmartSenseRunner" name="runScenario" time="120.878"/>
</testsuite> <!-- testrunner.SmartSenseRunner -->
