<?xml version="1.0" encoding="UTF-8"?>
<!-- Generated by org.testng.reporters.JUnitReportReporter -->
<testsuite hostname="DESKTOP-FQ8B5OB" failures="0" tests="1" name="testrunner.SmartSenseRunner" time="52.416" errors="0" timestamp="2024-09-21T15:01:28 IST" skipped="0">
  <testcase classname="testrunner.SmartSenseRunner" name="runScenario" time="52.416"/>
</testsuite> <!-- testrunner.SmartSenseRunner -->
