<?xml version="1.0" encoding="UTF-8"?>
<!-- Generated by org.testng.reporters.JUnitReportReporter -->
<testsuite hostname="DESKTOP-FQ8B5OB" failures="0" tests="3" name="testrunner.SmartSenseRunner" time="96.183" errors="0" timestamp="2024-09-25T14:20:47 IST" skipped="0">
  <testcase classname="testrunner.SmartSenseRunner" name="runScenario" time="48.555"/>
  <testcase classname="testrunner.SmartSenseRunner" name="runScenario" time="38.472"/>
  <testcase classname="testrunner.SmartSenseRunner" name="runScenario" time="9.156"/>
</testsuite> <!-- testrunner.SmartSenseRunner -->
