<?xml version="1.0" encoding="UTF-8"?>
<!-- Generated by org.testng.reporters.JUnitReportReporter -->
<testsuite hostname="DESKTOP-FQ8B5OB" failures="0" tests="2" name="testrunner.SmartSenseRunner" time="33.606" errors="0" timestamp="2024-09-01T15:05:21 IST" skipped="0">
  <testcase classname="testrunner.SmartSenseRunner" name="runScenario" time="25.709"/>
  <testcase classname="testrunner.SmartSenseRunner" name="runScenario" time="7.897"/>
</testsuite> <!-- testrunner.SmartSenseRunner -->
