<?xml version="1.0" encoding="UTF-8"?>
<!-- Generated by org.testng.reporters.JUnitReportReporter -->
<testsuite hostname="DESKTOP-FQ8B5OB" failures="0" tests="3" name="testrunner.SmartSenseRunner" time="91.534" errors="0" timestamp="2024-06-29T14:50:17 IST" skipped="0">
  <testcase classname="testrunner.SmartSenseRunner" name="runScenario" time="40.202"/>
  <system-out/>
  <testcase classname="testrunner.SmartSenseRunner" name="runScenario" time="43.000"/>
  <system-out/>
  <testcase classname="testrunner.SmartSenseRunner" name="runScenario" time="8.332"/>
  <system-out/>
</testsuite> <!-- testrunner.SmartSenseRunner -->
